<?xml version="1.0" encoding="UTF-8"?>
<testsuite name="com.jojoldu.book.springboot.web.IndexControllerTest" tests="1" skipped="0" failures="0" errors="0" timestamp="2022-12-27T09:36:58" hostname="Hwan-MacBookPro.local" time="0.258">
  <properties/>
  <testcase name="mainPage_loading()" classname="com.jojoldu.book.springboot.web.IndexControllerTest" time="0.258"/>
  <system-out><![CDATA[2022-12-27 18:36:54.151  INFO 4485 --- [    Test worker] .b.t.c.SpringBootTestContextBootstrapper : Neither @ContextConfiguration nor @ContextHierarchy found for test class [com.jojoldu.book.springboot.web.IndexControllerTest], using SpringBootContextLoader
2022-12-27 18:36:54.155  INFO 4485 --- [    Test worker] o.s.t.c.support.AbstractContextLoader    : Could not detect default resource locations for test class [com.jojoldu.book.springboot.web.IndexControllerTest]: no resource found for suffixes {-context.xml, Context.groovy}.
2022-12-27 18:36:54.155  INFO 4485 --- [    Test worker] t.c.s.AnnotationConfigContextLoaderUtils : Could not detect default configuration classes for test class [com.jojoldu.book.springboot.web.IndexControllerTest]: IndexControllerTest does not declare any static, non-private, non-final, nested classes annotated with @Configuration.
2022-12-27 18:36:54.162  INFO 4485 --- [    Test worker] .b.t.c.SpringBootTestContextBootstrapper : Found @SpringBootConfiguration com.jojoldu.book.springboot.Application for test class com.jojoldu.book.springboot.web.IndexControllerTest
2022-12-27 18:36:54.174  INFO 4485 --- [    Test worker] .b.t.c.SpringBootTestContextBootstrapper : Loaded default TestExecutionListener class names from location [META-INF/spring.factories]: [org.springframework.security.test.context.support.WithSecurityContextTestExecutionListener, org.springframework.security.test.context.support.ReactorContextTestExecutionListener, org.springframework.boot.test.autoconfigure.restdocs.RestDocsTestExecutionListener, org.springframework.boot.test.autoconfigure.web.client.MockRestServiceServerResetTestExecutionListener, org.springframework.boot.test.autoconfigure.web.servlet.MockMvcPrintOnlyOnFailureTestExecutionListener, org.springframework.boot.test.autoconfigure.web.servlet.WebDriverTestExecutionListener, org.springframework.boot.test.autoconfigure.webservices.client.MockWebServiceServerTestExecutionListener, org.springframework.boot.test.mock.mockito.MockitoTestExecutionListener, org.springframework.boot.test.mock.mockito.ResetMocksTestExecutionListener, org.springframework.test.context.web.ServletTestExecutionListener, org.springframework.test.context.support.DirtiesContextBeforeModesTestExecutionListener, org.springframework.test.context.support.DependencyInjectionTestExecutionListener, org.springframework.test.context.support.DirtiesContextTestExecutionListener, org.springframework.test.context.transaction.TransactionalTestExecutionListener, org.springframework.test.context.jdbc.SqlScriptsTestExecutionListener, org.springframework.test.context.event.EventPublishingTestExecutionListener]
2022-12-27 18:36:54.176  INFO 4485 --- [    Test worker] .b.t.c.SpringBootTestContextBootstrapper : Using TestExecutionListeners: [org.springframework.test.context.web.ServletTestExecutionListener@6c4a8ff7, org.springframework.test.context.support.DirtiesContextBeforeModesTestExecutionListener@1e89f375, org.springframework.boot.test.mock.mockito.MockitoTestExecutionListener@10678cbc, org.springframework.boot.test.autoconfigure.SpringBootDependencyInjectionTestExecutionListener@63c7c5d7, org.springframework.test.context.support.DirtiesContextTestExecutionListener@5b4acb6f, org.springframework.test.context.transaction.TransactionalTestExecutionListener@a899928, org.springframework.test.context.jdbc.SqlScriptsTestExecutionListener@26a7f6a9, org.springframework.security.test.context.support.WithSecurityContextTestExecutionListener@7b1366d7, org.springframework.test.context.event.EventPublishingTestExecutionListener@768fcb69, org.springframework.security.test.context.support.ReactorContextTestExecutionListener@30894c49, org.springframework.boot.test.autoconfigure.restdocs.RestDocsTestExecutionListener@2982f64f, org.springframework.boot.test.autoconfigure.web.client.MockRestServiceServerResetTestExecutionListener@49471876, org.springframework.boot.test.autoconfigure.web.servlet.MockMvcPrintOnlyOnFailureTestExecutionListener@411b46b4, org.springframework.boot.test.autoconfigure.web.servlet.WebDriverTestExecutionListener@3b0ab1da, org.springframework.boot.test.autoconfigure.webservices.client.MockWebServiceServerTestExecutionListener@584087a, org.springframework.boot.test.mock.mockito.ResetMocksTestExecutionListener@74713414]

  .   ____          _            __ _ _
 /\\ / ___'_ __ _ _(_)_ __  __ _ \ \ \ \
( ( )\___ | '_ | '_| | '_ \/ _` | \ \ \ \
 \\/  ___)| |_)| | | | | || (_| |  ) ) ) )
  '  |____| .__|_| |_|_| |_\__, | / / / /
 =========|_|==============|___/=/_/_/_/
 :: Spring Boot ::                (v2.4.1)

2022-12-27 18:36:54.286  INFO 4485 --- [    Test worker] c.j.b.s.web.IndexControllerTest          : Starting IndexControllerTest using Java 11.0.13 on Hwan-MacBookPro.local with PID 4485 (started by seonghwan in /Users/seonghwan/Documents/spring-prac)
2022-12-27 18:36:54.287  INFO 4485 --- [    Test worker] c.j.b.s.web.IndexControllerTest          : The following profiles are active: oauth
2022-12-27 18:36:54.913  INFO 4485 --- [    Test worker] .s.d.r.c.RepositoryConfigurationDelegate : Bootstrapping Spring Data JPA repositories in DEFAULT mode.
2022-12-27 18:36:54.987  INFO 4485 --- [    Test worker] .s.d.r.c.RepositoryConfigurationDelegate : Finished Spring Data repository scanning in 68 ms. Found 2 JPA repository interfaces.
2022-12-27 18:36:55.632  INFO 4485 --- [    Test worker] o.s.b.w.embedded.tomcat.TomcatWebServer  : Tomcat initialized with port(s): 0 (http)
2022-12-27 18:36:55.646  INFO 4485 --- [    Test worker] o.apache.catalina.core.StandardService   : Starting service [Tomcat]
2022-12-27 18:36:55.646  INFO 4485 --- [    Test worker] org.apache.catalina.core.StandardEngine  : Starting Servlet engine: [Apache Tomcat/9.0.41]
2022-12-27 18:36:55.863  INFO 4485 --- [    Test worker] o.a.c.c.C.[Tomcat].[localhost].[/]       : Initializing Spring embedded WebApplicationContext
2022-12-27 18:36:55.864  INFO 4485 --- [    Test worker] w.s.c.ServletWebServerApplicationContext : Root WebApplicationContext: initialization completed in 1573 ms
2022-12-27 18:36:56.005  INFO 4485 --- [    Test worker] com.zaxxer.hikari.HikariDataSource       : HikariPool-1 - Starting...
2022-12-27 18:36:56.182  INFO 4485 --- [    Test worker] com.zaxxer.hikari.HikariDataSource       : HikariPool-1 - Start completed.
2022-12-27 18:36:56.189  INFO 4485 --- [    Test worker] o.s.b.a.h2.H2ConsoleAutoConfiguration    : H2 console available at '/h2-console'. Database available at 'jdbc:h2:mem:testdb'
2022-12-27 18:36:56.565  INFO 4485 --- [    Test worker] o.hibernate.jpa.internal.util.LogHelper  : HHH000204: Processing PersistenceUnitInfo [name: default]
2022-12-27 18:36:56.666  INFO 4485 --- [    Test worker] org.hibernate.Version                    : HHH000412: Hibernate ORM core version 5.4.25.Final
2022-12-27 18:36:56.721  INFO 4485 --- [    Test worker] o.hibernate.annotations.common.Version   : HCANN000001: Hibernate Commons Annotations {5.1.2.Final}
2022-12-27 18:36:56.847  INFO 4485 --- [    Test worker] org.hibernate.dialect.Dialect            : HHH000400: Using dialect: org.hibernate.dialect.H2Dialect
Hibernate: drop table if exists posts CASCADE 
Hibernate: drop table if exists user CASCADE 
Hibernate: create table posts (id bigint generated by default as identity, created_date timestamp, modified_date timestamp, author varchar(255), content TEXT not null, title varchar(500) not null, primary key (id))
Hibernate: create table user (id bigint generated by default as identity, created_date timestamp, modified_date timestamp, email varchar(255) not null, name varchar(255) not null, picture varchar(255), role varchar(255) not null, primary key (id))
2022-12-27 18:36:57.437  INFO 4485 --- [    Test worker] o.h.e.t.j.p.i.JtaPlatformInitiator       : HHH000490: Using JtaPlatform implementation: [org.hibernate.engine.transaction.jta.platform.internal.NoJtaPlatform]
2022-12-27 18:36:57.444  INFO 4485 --- [    Test worker] j.LocalContainerEntityManagerFactoryBean : Initialized JPA EntityManagerFactory for persistence unit 'default'
2022-12-27 18:36:58.101  WARN 4485 --- [    Test worker] JpaBaseConfiguration$JpaWebConfiguration : spring.jpa.open-in-view is enabled by default. Therefore, database queries may be performed during view rendering. Explicitly configure spring.jpa.open-in-view to disable this warning
2022-12-27 18:36:58.466  INFO 4485 --- [    Test worker] o.s.s.web.DefaultSecurityFilterChain     : Will secure any request with [org.springframework.security.web.context.request.async.WebAsyncManagerIntegrationFilter@1b5d52d7, org.springframework.security.web.context.SecurityContextPersistenceFilter@6450aba4, org.springframework.security.web.header.HeaderWriterFilter@f703f2e, org.springframework.security.web.authentication.logout.LogoutFilter@1703331a, org.springframework.security.oauth2.client.web.OAuth2AuthorizationRequestRedirectFilter@fa05827, org.springframework.security.oauth2.client.web.OAuth2LoginAuthenticationFilter@3ab0319e, org.springframework.security.web.authentication.ui.DefaultLoginPageGeneratingFilter@4343d4f2, org.springframework.security.web.authentication.ui.DefaultLogoutPageGeneratingFilter@6cd17d5f, org.springframework.security.web.savedrequest.RequestCacheAwareFilter@331345f2, org.springframework.security.web.servletapi.SecurityContextHolderAwareRequestFilter@3d9485f1, org.springframework.security.web.authentication.AnonymousAuthenticationFilter@61bd6182, org.springframework.security.web.session.SessionManagementFilter@62d38f4e, org.springframework.security.web.access.ExceptionTranslationFilter@7a25a62a, org.springframework.security.web.access.intercept.FilterSecurityInterceptor@60c2e724]
2022-12-27 18:36:58.603  INFO 4485 --- [    Test worker] o.s.s.concurrent.ThreadPoolTaskExecutor  : Initializing ExecutorService 'applicationTaskExecutor'
2022-12-27 18:36:58.648  INFO 4485 --- [    Test worker] o.s.b.a.w.s.WelcomePageHandlerMapping    : Adding welcome page template: index
2022-12-27 18:36:58.934  INFO 4485 --- [    Test worker] o.s.b.w.embedded.tomcat.TomcatWebServer  : Tomcat started on port(s): 50328 (http) with context path ''
2022-12-27 18:36:58.952  INFO 4485 --- [    Test worker] s.a.ScheduledAnnotationBeanPostProcessor : No TaskScheduler/ScheduledExecutorService bean found for scheduled processing
2022-12-27 18:36:58.958  INFO 4485 --- [    Test worker] c.j.b.s.web.IndexControllerTest          : Started IndexControllerTest in 4.778 seconds (JVM running for 11.919)
2022-12-27 18:36:59.079  INFO 4485 --- [o-auto-1-exec-1] o.a.c.c.C.[Tomcat].[localhost].[/]       : Initializing Spring DispatcherServlet 'dispatcherServlet'
2022-12-27 18:36:59.080  INFO 4485 --- [o-auto-1-exec-1] o.s.web.servlet.DispatcherServlet        : Initializing Servlet 'dispatcherServlet'
2022-12-27 18:36:59.080  INFO 4485 --- [o-auto-1-exec-1] o.s.web.servlet.DispatcherServlet        : Completed initialization in 0 ms
Hibernate: select posts0_.id as id1_0_, posts0_.created_date as created_2_0_, posts0_.modified_date as modified3_0_, posts0_.author as author4_0_, posts0_.content as content5_0_, posts0_.title as title6_0_ from posts posts0_ order by posts0_.id DESC
]]></system-out>
  <system-err><![CDATA[]]></system-err>
</testsuite>
