<?xml version="1.0" encoding="UTF-8"?>
<testsuite name="com.jojoldu.book.springboot.domain.posts.PostsRepositoryTest" tests="2" skipped="0" failures="0" errors="0" timestamp="2022-12-27T08:14:24" hostname="Hwan-MacBookPro.local" time="0.054">
  <properties/>
  <testcase name="BaseTimeEntity_register()" classname="com.jojoldu.book.springboot.domain.posts.PostsRepositoryTest" time="0.038"/>
  <testcase name="get_boards()" classname="com.jojoldu.book.springboot.domain.posts.PostsRepositoryTest" time="0.014"/>
  <system-out><![CDATA[2022-12-27 17:14:23.484  INFO 3762 --- [    Test worker] .b.t.c.SpringBootTestContextBootstrapper : Neither @ContextConfiguration nor @ContextHierarchy found for test class [com.jojoldu.book.springboot.domain.posts.PostsRepositoryTest], using SpringBootContextLoader
2022-12-27 17:14:23.487  INFO 3762 --- [    Test worker] o.s.t.c.support.AbstractContextLoader    : Could not detect default resource locations for test class [com.jojoldu.book.springboot.domain.posts.PostsRepositoryTest]: no resource found for suffixes {-context.xml, Context.groovy}.
2022-12-27 17:14:23.487  INFO 3762 --- [    Test worker] t.c.s.AnnotationConfigContextLoaderUtils : Could not detect default configuration classes for test class [com.jojoldu.book.springboot.domain.posts.PostsRepositoryTest]: PostsRepositoryTest does not declare any static, non-private, non-final, nested classes annotated with @Configuration.
2022-12-27 17:14:23.524  INFO 3762 --- [    Test worker] .b.t.c.SpringBootTestContextBootstrapper : Found @SpringBootConfiguration com.jojoldu.book.springboot.Application for test class com.jojoldu.book.springboot.domain.posts.PostsRepositoryTest
2022-12-27 17:14:23.530  INFO 3762 --- [    Test worker] .b.t.c.SpringBootTestContextBootstrapper : Loaded default TestExecutionListener class names from location [META-INF/spring.factories]: [org.springframework.boot.test.autoconfigure.restdocs.RestDocsTestExecutionListener, org.springframework.boot.test.autoconfigure.web.client.MockRestServiceServerResetTestExecutionListener, org.springframework.boot.test.autoconfigure.web.servlet.MockMvcPrintOnlyOnFailureTestExecutionListener, org.springframework.boot.test.autoconfigure.web.servlet.WebDriverTestExecutionListener, org.springframework.boot.test.autoconfigure.webservices.client.MockWebServiceServerTestExecutionListener, org.springframework.boot.test.mock.mockito.MockitoTestExecutionListener, org.springframework.boot.test.mock.mockito.ResetMocksTestExecutionListener, org.springframework.test.context.web.ServletTestExecutionListener, org.springframework.test.context.support.DirtiesContextBeforeModesTestExecutionListener, org.springframework.test.context.support.DependencyInjectionTestExecutionListener, org.springframework.test.context.support.DirtiesContextTestExecutionListener, org.springframework.test.context.transaction.TransactionalTestExecutionListener, org.springframework.test.context.jdbc.SqlScriptsTestExecutionListener, org.springframework.test.context.event.EventPublishingTestExecutionListener]
2022-12-27 17:14:23.530  INFO 3762 --- [    Test worker] .b.t.c.SpringBootTestContextBootstrapper : Using TestExecutionListeners: [org.springframework.test.context.web.ServletTestExecutionListener@5b87952, org.springframework.test.context.support.DirtiesContextBeforeModesTestExecutionListener@5588ab4d, org.springframework.boot.test.mock.mockito.MockitoTestExecutionListener@4870ebc2, org.springframework.boot.test.autoconfigure.SpringBootDependencyInjectionTestExecutionListener@37501cf, org.springframework.test.context.support.DirtiesContextTestExecutionListener@45c19a1a, org.springframework.test.context.transaction.TransactionalTestExecutionListener@5583932c, org.springframework.test.context.jdbc.SqlScriptsTestExecutionListener@1a624ca5, org.springframework.test.context.event.EventPublishingTestExecutionListener@31b25d5f, org.springframework.boot.test.autoconfigure.restdocs.RestDocsTestExecutionListener@786a0039, org.springframework.boot.test.autoconfigure.web.client.MockRestServiceServerResetTestExecutionListener@3139f6eb, org.springframework.boot.test.autoconfigure.web.servlet.MockMvcPrintOnlyOnFailureTestExecutionListener@39b6830d, org.springframework.boot.test.autoconfigure.web.servlet.WebDriverTestExecutionListener@1a4d79c1, org.springframework.boot.test.autoconfigure.webservices.client.MockWebServiceServerTestExecutionListener@328ec979, org.springframework.boot.test.mock.mockito.ResetMocksTestExecutionListener@4c7eef6d]

  .   ____          _            __ _ _
 /\\ / ___'_ __ _ _(_)_ __  __ _ \ \ \ \
( ( )\___ | '_ | '_| | '_ \/ _` | \ \ \ \
 \\/  ___)| |_)| | | | | || (_| |  ) ) ) )
  '  |____| .__|_| |_|_| |_\__, | / / / /
 =========|_|==============|___/=/_/_/_/
 :: Spring Boot ::                (v2.4.1)

2022-12-27 17:14:23.581  INFO 3762 --- [    Test worker] c.j.b.s.d.posts.PostsRepositoryTest      : Starting PostsRepositoryTest using Java 11.0.13 on Hwan-MacBookPro.local with PID 3762 (started by seonghwan in /Users/seonghwan/Documents/spring-prac)
2022-12-27 17:14:23.582  INFO 3762 --- [    Test worker] c.j.b.s.d.posts.PostsRepositoryTest      : The following profiles are active: oauth
2022-12-27 17:14:23.888  INFO 3762 --- [    Test worker] .s.d.r.c.RepositoryConfigurationDelegate : Bootstrapping Spring Data JPA repositories in DEFAULT mode.
2022-12-27 17:14:23.906  INFO 3762 --- [    Test worker] .s.d.r.c.RepositoryConfigurationDelegate : Finished Spring Data repository scanning in 17 ms. Found 2 JPA repository interfaces.
2022-12-27 17:14:24.065  INFO 3762 --- [    Test worker] com.zaxxer.hikari.HikariDataSource       : HikariPool-2 - Starting...
2022-12-27 17:14:24.067  INFO 3762 --- [    Test worker] com.zaxxer.hikari.HikariDataSource       : HikariPool-2 - Start completed.
2022-12-27 17:14:24.079  INFO 3762 --- [    Test worker] o.hibernate.jpa.internal.util.LogHelper  : HHH000204: Processing PersistenceUnitInfo [name: default]
2022-12-27 17:14:24.086  INFO 3762 --- [    Test worker] org.hibernate.dialect.Dialect            : HHH000400: Using dialect: org.hibernate.dialect.H2Dialect
Hibernate: drop table if exists posts CASCADE 
Hibernate: drop table if exists user CASCADE 
Hibernate: create table posts (id bigint generated by default as identity, created_date timestamp, modified_date timestamp, author varchar(255), content TEXT not null, title varchar(500) not null, primary key (id))
Hibernate: create table user (id bigint generated by default as identity, created_date timestamp, modified_date timestamp, email varchar(255) not null, name varchar(255) not null, picture varchar(255), role varchar(255) not null, primary key (id))
2022-12-27 17:14:24.181  INFO 3762 --- [    Test worker] o.h.e.t.j.p.i.JtaPlatformInitiator       : HHH000490: Using JtaPlatform implementation: [org.hibernate.engine.transaction.jta.platform.internal.NoJtaPlatform]
2022-12-27 17:14:24.181  INFO 3762 --- [    Test worker] j.LocalContainerEntityManagerFactoryBean : Initialized JPA EntityManagerFactory for persistence unit 'default'
2022-12-27 17:14:24.348  WARN 3762 --- [    Test worker] JpaBaseConfiguration$JpaWebConfiguration : spring.jpa.open-in-view is enabled by default. Therefore, database queries may be performed during view rendering. Explicitly configure spring.jpa.open-in-view to disable this warning
2022-12-27 17:14:24.495  INFO 3762 --- [    Test worker] o.s.s.web.DefaultSecurityFilterChain     : Will secure any request with [org.springframework.security.web.context.request.async.WebAsyncManagerIntegrationFilter@6ddf205e, org.springframework.security.web.context.SecurityContextPersistenceFilter@3a1c5c77, org.springframework.security.web.header.HeaderWriterFilter@251f8d61, org.springframework.security.web.authentication.logout.LogoutFilter@409d9cc5, org.springframework.security.oauth2.client.web.OAuth2AuthorizationRequestRedirectFilter@12b3ee77, org.springframework.security.oauth2.client.web.OAuth2LoginAuthenticationFilter@29e96087, org.springframework.security.web.authentication.ui.DefaultLoginPageGeneratingFilter@1b53e757, org.springframework.security.web.authentication.ui.DefaultLogoutPageGeneratingFilter@21647ac1, org.springframework.security.web.savedrequest.RequestCacheAwareFilter@1662a114, org.springframework.security.web.servletapi.SecurityContextHolderAwareRequestFilter@4fcf523c, org.springframework.security.web.authentication.AnonymousAuthenticationFilter@2ca9e8cc, org.springframework.security.web.session.SessionManagementFilter@eeb5476, org.springframework.security.web.access.ExceptionTranslationFilter@3b12f818, org.springframework.security.web.access.intercept.FilterSecurityInterceptor@50f38084]
2022-12-27 17:14:24.652  INFO 3762 --- [    Test worker] o.s.s.concurrent.ThreadPoolTaskExecutor  : Initializing ExecutorService 'applicationTaskExecutor'
2022-12-27 17:14:24.668  INFO 3762 --- [    Test worker] o.s.b.a.h2.H2ConsoleAutoConfiguration    : H2 console available at '/h2-console'. Database available at 'jdbc:h2:mem:testdb'
2022-12-27 17:14:24.694  INFO 3762 --- [    Test worker] o.s.b.a.w.s.WelcomePageHandlerMapping    : Adding welcome page template: index
2022-12-27 17:14:24.898  INFO 3762 --- [    Test worker] s.a.ScheduledAnnotationBeanPostProcessor : No TaskScheduler/ScheduledExecutorService bean found for scheduled processing
2022-12-27 17:14:24.904  INFO 3762 --- [    Test worker] c.j.b.s.d.posts.PostsRepositoryTest      : Started PostsRepositoryTest in 1.362 seconds (JVM running for 13.382)
Hibernate: insert into posts (id, created_date, modified_date, author, content, title) values (null, ?, ?, ?, ?, ?)
Hibernate: select posts0_.id as id1_0_, posts0_.created_date as created_2_0_, posts0_.modified_date as modified3_0_, posts0_.author as author4_0_, posts0_.content as content5_0_, posts0_.title as title6_0_ from posts posts0_
>>>>>>>> createDate=2022-12-27T17:14:24.923676, modifiedDate=2022-12-27T17:14:24.923676
Hibernate: select posts0_.id as id1_0_, posts0_.created_date as created_2_0_, posts0_.modified_date as modified3_0_, posts0_.author as author4_0_, posts0_.content as content5_0_, posts0_.title as title6_0_ from posts posts0_
Hibernate: delete from posts where id=?
Hibernate: insert into posts (id, created_date, modified_date, author, content, title) values (null, ?, ?, ?, ?, ?)
Hibernate: select posts0_.id as id1_0_, posts0_.created_date as created_2_0_, posts0_.modified_date as modified3_0_, posts0_.author as author4_0_, posts0_.content as content5_0_, posts0_.title as title6_0_ from posts posts0_
Hibernate: select posts0_.id as id1_0_, posts0_.created_date as created_2_0_, posts0_.modified_date as modified3_0_, posts0_.author as author4_0_, posts0_.content as content5_0_, posts0_.title as title6_0_ from posts posts0_
Hibernate: delete from posts where id=?
]]></system-out>
  <system-err><![CDATA[]]></system-err>
</testsuite>
