<?xml version="1.0" encoding="UTF-8"?>
<testsuite name="com.jojoldu.book.springboot.web.IndexControllerTest" tests="1" skipped="0" failures="0" errors="0" timestamp="2022-12-27T08:14:22" hostname="Hwan-MacBookPro.local" time="0.394">
  <properties/>
  <testcase name="mainPage_loading()" classname="com.jojoldu.book.springboot.web.IndexControllerTest" time="0.394"/>
  <system-out><![CDATA[2022-12-27 17:14:17.233  INFO 3762 --- [    Test worker] .b.t.c.SpringBootTestContextBootstrapper : Neither @ContextConfiguration nor @ContextHierarchy found for test class [com.jojoldu.book.springboot.web.IndexControllerTest], using SpringBootContextLoader
2022-12-27 17:14:17.236  INFO 3762 --- [    Test worker] o.s.t.c.support.AbstractContextLoader    : Could not detect default resource locations for test class [com.jojoldu.book.springboot.web.IndexControllerTest]: no resource found for suffixes {-context.xml, Context.groovy}.
2022-12-27 17:14:17.237  INFO 3762 --- [    Test worker] t.c.s.AnnotationConfigContextLoaderUtils : Could not detect default configuration classes for test class [com.jojoldu.book.springboot.web.IndexControllerTest]: IndexControllerTest does not declare any static, non-private, non-final, nested classes annotated with @Configuration.
2022-12-27 17:14:17.241  INFO 3762 --- [    Test worker] .b.t.c.SpringBootTestContextBootstrapper : Found @SpringBootConfiguration com.jojoldu.book.springboot.Application for test class com.jojoldu.book.springboot.web.IndexControllerTest
2022-12-27 17:14:17.257  INFO 3762 --- [    Test worker] .b.t.c.SpringBootTestContextBootstrapper : Loaded default TestExecutionListener class names from location [META-INF/spring.factories]: [org.springframework.boot.test.autoconfigure.restdocs.RestDocsTestExecutionListener, org.springframework.boot.test.autoconfigure.web.client.MockRestServiceServerResetTestExecutionListener, org.springframework.boot.test.autoconfigure.web.servlet.MockMvcPrintOnlyOnFailureTestExecutionListener, org.springframework.boot.test.autoconfigure.web.servlet.WebDriverTestExecutionListener, org.springframework.boot.test.autoconfigure.webservices.client.MockWebServiceServerTestExecutionListener, org.springframework.boot.test.mock.mockito.MockitoTestExecutionListener, org.springframework.boot.test.mock.mockito.ResetMocksTestExecutionListener, org.springframework.test.context.web.ServletTestExecutionListener, org.springframework.test.context.support.DirtiesContextBeforeModesTestExecutionListener, org.springframework.test.context.support.DependencyInjectionTestExecutionListener, org.springframework.test.context.support.DirtiesContextTestExecutionListener, org.springframework.test.context.transaction.TransactionalTestExecutionListener, org.springframework.test.context.jdbc.SqlScriptsTestExecutionListener, org.springframework.test.context.event.EventPublishingTestExecutionListener]
2022-12-27 17:14:17.257  INFO 3762 --- [    Test worker] .b.t.c.SpringBootTestContextBootstrapper : Using TestExecutionListeners: [org.springframework.test.context.web.ServletTestExecutionListener@4d615b25, org.springframework.test.context.support.DirtiesContextBeforeModesTestExecutionListener@3dd5c8b4, org.springframework.boot.test.mock.mockito.MockitoTestExecutionListener@33c97ea5, org.springframework.boot.test.autoconfigure.SpringBootDependencyInjectionTestExecutionListener@5e2b39a, org.springframework.test.context.support.DirtiesContextTestExecutionListener@421d7870, org.springframework.test.context.transaction.TransactionalTestExecutionListener@511e88ef, org.springframework.test.context.jdbc.SqlScriptsTestExecutionListener@29daf83f, org.springframework.test.context.event.EventPublishingTestExecutionListener@39b4e0fd, org.springframework.boot.test.autoconfigure.restdocs.RestDocsTestExecutionListener@10c3c143, org.springframework.boot.test.autoconfigure.web.client.MockRestServiceServerResetTestExecutionListener@35bf7a44, org.springframework.boot.test.autoconfigure.web.servlet.MockMvcPrintOnlyOnFailureTestExecutionListener@4b5a77cc, org.springframework.boot.test.autoconfigure.web.servlet.WebDriverTestExecutionListener@5577c552, org.springframework.boot.test.autoconfigure.webservices.client.MockWebServiceServerTestExecutionListener@5b30cf66, org.springframework.boot.test.mock.mockito.ResetMocksTestExecutionListener@1513f31e]

  .   ____          _            __ _ _
 /\\ / ___'_ __ _ _(_)_ __  __ _ \ \ \ \
( ( )\___ | '_ | '_| | '_ \/ _` | \ \ \ \
 \\/  ___)| |_)| | | | | || (_| |  ) ) ) )
  '  |____| .__|_| |_|_| |_\__, | / / / /
 =========|_|==============|___/=/_/_/_/
 :: Spring Boot ::                (v2.4.1)

2022-12-27 17:14:17.358  INFO 3762 --- [    Test worker] c.j.b.s.web.IndexControllerTest          : Starting IndexControllerTest using Java 11.0.13 on Hwan-MacBookPro.local with PID 3762 (started by seonghwan in /Users/seonghwan/Documents/spring-prac)
2022-12-27 17:14:17.358  INFO 3762 --- [    Test worker] c.j.b.s.web.IndexControllerTest          : The following profiles are active: oauth
2022-12-27 17:14:17.825  INFO 3762 --- [    Test worker] .s.d.r.c.RepositoryConfigurationDelegate : Bootstrapping Spring Data JPA repositories in DEFAULT mode.
2022-12-27 17:14:17.884  INFO 3762 --- [    Test worker] .s.d.r.c.RepositoryConfigurationDelegate : Finished Spring Data repository scanning in 53 ms. Found 2 JPA repository interfaces.
2022-12-27 17:14:18.645  INFO 3762 --- [    Test worker] o.s.b.w.embedded.tomcat.TomcatWebServer  : Tomcat initialized with port(s): 0 (http)
2022-12-27 17:14:18.658  INFO 3762 --- [    Test worker] o.apache.catalina.core.StandardService   : Starting service [Tomcat]
2022-12-27 17:14:18.660  INFO 3762 --- [    Test worker] org.apache.catalina.core.StandardEngine  : Starting Servlet engine: [Apache Tomcat/9.0.41]
2022-12-27 17:14:18.813  INFO 3762 --- [    Test worker] o.a.c.c.C.[Tomcat].[localhost].[/]       : Initializing Spring embedded WebApplicationContext
2022-12-27 17:14:18.813  INFO 3762 --- [    Test worker] w.s.c.ServletWebServerApplicationContext : Root WebApplicationContext: initialization completed in 1447 ms
2022-12-27 17:14:18.945  INFO 3762 --- [    Test worker] com.zaxxer.hikari.HikariDataSource       : HikariPool-1 - Starting...
2022-12-27 17:14:19.145  INFO 3762 --- [    Test worker] com.zaxxer.hikari.HikariDataSource       : HikariPool-1 - Start completed.
2022-12-27 17:14:19.157  INFO 3762 --- [    Test worker] o.s.b.a.h2.H2ConsoleAutoConfiguration    : H2 console available at '/h2-console'. Database available at 'jdbc:h2:mem:testdb'
2022-12-27 17:14:19.650  INFO 3762 --- [    Test worker] o.hibernate.jpa.internal.util.LogHelper  : HHH000204: Processing PersistenceUnitInfo [name: default]
2022-12-27 17:14:19.692  INFO 3762 --- [    Test worker] org.hibernate.Version                    : HHH000412: Hibernate ORM core version 5.4.25.Final
2022-12-27 17:14:19.843  INFO 3762 --- [    Test worker] o.hibernate.annotations.common.Version   : HCANN000001: Hibernate Commons Annotations {5.1.2.Final}
2022-12-27 17:14:19.958  INFO 3762 --- [    Test worker] org.hibernate.dialect.Dialect            : HHH000400: Using dialect: org.hibernate.dialect.H2Dialect
Hibernate: drop table if exists posts CASCADE 
Hibernate: drop table if exists user CASCADE 
Hibernate: create table posts (id bigint generated by default as identity, created_date timestamp, modified_date timestamp, author varchar(255), content TEXT not null, title varchar(500) not null, primary key (id))
Hibernate: create table user (id bigint generated by default as identity, created_date timestamp, modified_date timestamp, email varchar(255) not null, name varchar(255) not null, picture varchar(255), role varchar(255) not null, primary key (id))
2022-12-27 17:14:20.646  INFO 3762 --- [    Test worker] o.h.e.t.j.p.i.JtaPlatformInitiator       : HHH000490: Using JtaPlatform implementation: [org.hibernate.engine.transaction.jta.platform.internal.NoJtaPlatform]
2022-12-27 17:14:20.654  INFO 3762 --- [    Test worker] j.LocalContainerEntityManagerFactoryBean : Initialized JPA EntityManagerFactory for persistence unit 'default'
2022-12-27 17:14:21.410  WARN 3762 --- [    Test worker] JpaBaseConfiguration$JpaWebConfiguration : spring.jpa.open-in-view is enabled by default. Therefore, database queries may be performed during view rendering. Explicitly configure spring.jpa.open-in-view to disable this warning
2022-12-27 17:14:21.901  INFO 3762 --- [    Test worker] o.s.s.web.DefaultSecurityFilterChain     : Will secure any request with [org.springframework.security.web.context.request.async.WebAsyncManagerIntegrationFilter@d531b15, org.springframework.security.web.context.SecurityContextPersistenceFilter@2e96ac04, org.springframework.security.web.header.HeaderWriterFilter@1ba037ea, org.springframework.security.web.authentication.logout.LogoutFilter@25f05114, org.springframework.security.oauth2.client.web.OAuth2AuthorizationRequestRedirectFilter@223ab7e7, org.springframework.security.oauth2.client.web.OAuth2LoginAuthenticationFilter@720dd79b, org.springframework.security.web.authentication.ui.DefaultLoginPageGeneratingFilter@3bbcf83, org.springframework.security.web.authentication.ui.DefaultLogoutPageGeneratingFilter@3cb0d0e6, org.springframework.security.web.savedrequest.RequestCacheAwareFilter@6b25e9e8, org.springframework.security.web.servletapi.SecurityContextHolderAwareRequestFilter@7f1c30be, org.springframework.security.web.authentication.AnonymousAuthenticationFilter@4a294a19, org.springframework.security.web.session.SessionManagementFilter@51a14ee7, org.springframework.security.web.access.ExceptionTranslationFilter@1013e9a9, org.springframework.security.web.access.intercept.FilterSecurityInterceptor@7b6ec49]
2022-12-27 17:14:22.236  INFO 3762 --- [    Test worker] o.s.s.concurrent.ThreadPoolTaskExecutor  : Initializing ExecutorService 'applicationTaskExecutor'
2022-12-27 17:14:22.348  INFO 3762 --- [    Test worker] o.s.b.a.w.s.WelcomePageHandlerMapping    : Adding welcome page template: index
2022-12-27 17:14:22.726  INFO 3762 --- [    Test worker] o.s.b.w.embedded.tomcat.TomcatWebServer  : Tomcat started on port(s): 50172 (http) with context path ''
2022-12-27 17:14:22.751  INFO 3762 --- [    Test worker] s.a.ScheduledAnnotationBeanPostProcessor : No TaskScheduler/ScheduledExecutorService bean found for scheduled processing
2022-12-27 17:14:22.759  INFO 3762 --- [    Test worker] c.j.b.s.web.IndexControllerTest          : Started IndexControllerTest in 5.497 seconds (JVM running for 11.237)
2022-12-27 17:14:22.997  INFO 3762 --- [o-auto-1-exec-1] o.a.c.c.C.[Tomcat].[localhost].[/]       : Initializing Spring DispatcherServlet 'dispatcherServlet'
2022-12-27 17:14:22.999  INFO 3762 --- [o-auto-1-exec-1] o.s.web.servlet.DispatcherServlet        : Initializing Servlet 'dispatcherServlet'
2022-12-27 17:14:23.001  INFO 3762 --- [o-auto-1-exec-1] o.s.web.servlet.DispatcherServlet        : Completed initialization in 2 ms
Hibernate: select posts0_.id as id1_0_, posts0_.created_date as created_2_0_, posts0_.modified_date as modified3_0_, posts0_.author as author4_0_, posts0_.content as content5_0_, posts0_.title as title6_0_ from posts posts0_ order by posts0_.id DESC
]]></system-out>
  <system-err><![CDATA[]]></system-err>
</testsuite>
